app/build/intermediates/manifest_merge_blame_file/debug/manifest-merger-blame-debug-report.txt
1<?xml version="1.0" encoding="utf-8"?>
2<manifest xmlns:android="http://schemas.android.com/apk/res/android"
3    package="com.example.ballsort"
4    android:versionCode="1"
5    android:versionName="1.0" >
6
7    <uses-sdk
8        android:minSdkVersion="15"
8-->src\main\AndroidManifest.xml
9        android:targetSdkVersion="30" />
9-->src\main\AndroidManifest.xml
10
11    <uses-permission android:name="android.permission.MANAGE_EXTERNAL_STORAGE" />
11-->src\main\AndroidManifest.xml:4:5-82
11-->src\main\AndroidManifest.xml:4:22-79
12    <uses-permission android:name="android.permission.READ_PHONE_STATE" />
12-->src\main\AndroidManifest.xml:5:5-74
12-->src\main\AndroidManifest.xml:5:22-72
13    <uses-permission android:name="android.permission.WRITE_EXTERNAL_STORAGE" />
13-->src\main\AndroidManifest.xml:6:5-80
13-->src\main\AndroidManifest.xml:6:22-78
14    <uses-permission android:name="android.permission.READ_EXTERNAL_STORAGE" />
14-->src\main\AndroidManifest.xml:7:5-79
14-->src\main\AndroidManifest.xml:7:22-77
15    <uses-permission android:name="android.permission.VIBRATE" />
15-->src\main\AndroidManifest.xml:8:5-65
15-->src\main\AndroidManifest.xml:8:22-63
16
17    <application
17-->src\main\AndroidManifest.xml:9:5-29:19
18        android:allowBackup="true"
18-->src\main\AndroidManifest.xml:11:9-35
19        android:appComponentFactory="androidx.core.app.CoreComponentFactory"
19-->[androidx.core:core:1.0.1] AndroidManifest.xml:22:18-86
20        android:debuggable="true"
21        android:icon="@mipmap/ic_launcher"
21-->src\main\AndroidManifest.xml:12:9-43
22        android:label="@string/app_name"
22-->src\main\AndroidManifest.xml:13:9-41
23        android:requestLegacyExternalStorage="true"
23-->src\main\AndroidManifest.xml:10:9-52
24        android:roundIcon="@mipmap/ic_launcher_round"
24-->src\main\AndroidManifest.xml:14:9-54
25        android:supportsRtl="true"
25-->src\main\AndroidManifest.xml:15:9-35
26        android:testOnly="true"
27        android:theme="@style/AppTheme" >
27-->src\main\AndroidManifest.xml:16:9-40
28        <activity android:name="com.example.ballsort.BallSortSetup" >
28-->src\main\AndroidManifest.xml:17:9-23:20
28-->src\main\AndroidManifest.xml:17:19-48
29            <intent-filter>
29-->src\main\AndroidManifest.xml:18:13-22:29
30                <action android:name="android.intent.action.MAIN" />
30-->src\main\AndroidManifest.xml:19:17-69
30-->src\main\AndroidManifest.xml:19:25-66
31
32                <category android:name="android.intent.category.LAUNCHER" />
32-->src\main\AndroidManifest.xml:21:17-77
32-->src\main\AndroidManifest.xml:21:27-74
33            </intent-filter>
34        </activity>
35        <activity
35-->src\main\AndroidManifest.xml:24:9-27:20
36            android:name="com.example.ballsort.BallSortActivity"
36-->src\main\AndroidManifest.xml:24:19-51
37            android:screenOrientation="landscape" >
37-->src\main\AndroidManifest.xml:25:13-50
38        </activity>
39    </application>
40
41</manifest>